<?xml version="1.0" encoding="UTF-8"?>
<!-- Generated by org.testng.reporters.JUnitReportReporter -->
<testsuite hostname="RIT-L002.rit.va" failures="0" tests="2" name="FrameTest" time="9.552" errors="0" timestamp="2020-04-21T12:18:14 MSK" skipped="0">
  <testcase classname="FrameTest" name="checkVideoDisplayed" time="0.069"/>
  <system-out/>
  <testcase classname="FrameTest" name="checkVideoPlayed" time="9.483"/>
  <system-out/>
</testsuite> <!-- FrameTest -->
